0 info it worked if it ends with ok
1 verbose cli [ '/usr/local/bin/node',
1 verbose cli   '/usr/local/bin/npm',
1 verbose cli   'install',
1 verbose cli   'node_modules',
1 verbose cli   'package.json',
1 verbose cli   'server.js' ]
2 info using npm@3.10.10
3 info using node@v6.9.5
4 silly loadCurrentTree Starting
5 silly install loadCurrentTree
6 silly install readLocalPackageData
7 silly fetchPackageMetaData node_modules
8 silly fetchPackageMetaData package.json
9 silly fetchPackageMetaData server.js
10 silly fetchOtherPackageData package.json
11 silly cache add args [ 'package.json', null ]
12 verbose cache add spec package.json
13 silly fetchOtherPackageData server.js
14 silly cache add args [ 'server.js', null ]
15 verbose cache add spec server.js
16 silly fetchOtherPackageData node_modules
17 silly cache add args [ 'node_modules', null ]
18 verbose cache add spec node_modules
19 silly cache add parsed spec Result {
19 silly cache add   raw: 'package.json',
19 silly cache add   scope: null,
19 silly cache add   escapedName: 'package.json',
19 silly cache add   name: null,
19 silly cache add   rawSpec: 'package.json',
19 silly cache add   spec: '/Users/maansoftwares-02/Desktop/02:03:2017/webrtc_videodemoA/serverside/package.json',
19 silly cache add   type: 'local' }
20 silly cache add parsed spec Result {
20 silly cache add   raw: 'server.js',
20 silly cache add   scope: null,
20 silly cache add   escapedName: 'server.js',
20 silly cache add   name: null,
20 silly cache add   rawSpec: 'server.js',
20 silly cache add   spec: '/Users/maansoftwares-02/Desktop/02:03:2017/webrtc_videodemoA/serverside/server.js',
20 silly cache add   type: 'local' }
21 silly cache add parsed spec Result {
21 silly cache add   raw: 'node_modules',
21 silly cache add   scope: null,
21 silly cache add   escapedName: null,
21 silly cache add   name: null,
21 silly cache add   rawSpec: 'node_modules',
21 silly cache add   spec: '/Users/maansoftwares-02/Desktop/02:03:2017/webrtc_videodemoA/serverside/node_modules',
21 silly cache add   type: 'local' }
22 silly addLocalTarball shasum (computed) 324eac2562c732014d0bad6831bb904a3ba8e129
23 verbose addTmpTarball /Users/maansoftwares-02/Desktop/02:03:2017/webrtc_videodemoA/serverside/package.json not in flight; adding
24 verbose correctMkdir /Users/maansoftwares-02/.npm correctMkdir not in flight; initializing
25 silly addLocalTarball shasum (computed) 2f53b107a071e25bfcc5d1b68d40fb2531af64e8
26 verbose addTmpTarball /Users/maansoftwares-02/Desktop/02:03:2017/webrtc_videodemoA/serverside/server.js not in flight; adding
27 verbose correctMkdir /Users/maansoftwares-02/.npm correctMkdir already in flight; waiting
28 error addLocal Could not install /Users/maansoftwares-02/Desktop/02:03:2017/webrtc_videodemoA/serverside/node_modules
29 silly fetchPackageMetaData Error: EISDIR: illegal operation on a directory, read
29 silly fetchPackageMetaData     at Error (native)
29 silly fetchPackageMetaData  error for node_modules { Error: EISDIR: illegal operation on a directory, read
29 silly fetchPackageMetaData     at Error (native) errno: -21, code: 'EISDIR', syscall: 'read' }
30 verbose addTmpTarball validating metadata from /Users/maansoftwares-02/Desktop/02:03:2017/webrtc_videodemoA/serverside/package.json
31 verbose tar unpack /Users/maansoftwares-02/Desktop/02:03:2017/webrtc_videodemoA/serverside/package.json
32 verbose tar unpacking to /var/folders/dt/dvk04tms2fz9xhtlnn4jdqc80000gn/T/npm-33183-566da586/unpack-9eb625c4
33 verbose addTmpTarball validating metadata from /Users/maansoftwares-02/Desktop/02:03:2017/webrtc_videodemoA/serverside/server.js
34 verbose tar unpack /Users/maansoftwares-02/Desktop/02:03:2017/webrtc_videodemoA/serverside/server.js
35 verbose tar unpacking to /var/folders/dt/dvk04tms2fz9xhtlnn4jdqc80000gn/T/npm-33183-566da586/unpack-77da61a6
36 silly gentlyRm /var/folders/dt/dvk04tms2fz9xhtlnn4jdqc80000gn/T/npm-33183-566da586/unpack-9eb625c4 is being purged
37 verbose gentlyRm don't care about contents; nuking /var/folders/dt/dvk04tms2fz9xhtlnn4jdqc80000gn/T/npm-33183-566da586/unpack-9eb625c4
38 silly gentlyRm /var/folders/dt/dvk04tms2fz9xhtlnn4jdqc80000gn/T/npm-33183-566da586/unpack-77da61a6 is being purged
39 verbose gentlyRm don't care about contents; nuking /var/folders/dt/dvk04tms2fz9xhtlnn4jdqc80000gn/T/npm-33183-566da586/unpack-77da61a6
40 silly gunzTarPerm modes [ '755', '644' ]
41 silly gunzTarPerm modes [ '755', '644' ]
42 error not a package /Users/maansoftwares-02/Desktop/02:03:2017/webrtc_videodemoA/serverside/server.js
43 error not a package /Users/maansoftwares-02/Desktop/02:03:2017/webrtc_videodemoA/serverside/package.json
44 error addLocal Could not install /Users/maansoftwares-02/Desktop/02:03:2017/webrtc_videodemoA/serverside/server.js
45 silly fetchPackageMetaData Error: ENOENT: no such file or directory, open '/var/folders/dt/dvk04tms2fz9xhtlnn4jdqc80000gn/T/npm-33183-566da586/unpack-77da61a6/package.json'
45 silly fetchPackageMetaData     at Error (native)
45 silly fetchPackageMetaData  error for server.js { Error: ENOENT: no such file or directory, open '/var/folders/dt/dvk04tms2fz9xhtlnn4jdqc80000gn/T/npm-33183-566da586/unpack-77da61a6/package.json'
45 silly fetchPackageMetaData     at Error (native)
45 silly fetchPackageMetaData   errno: -2,
45 silly fetchPackageMetaData   code: 'ENOENT',
45 silly fetchPackageMetaData   syscall: 'open',
45 silly fetchPackageMetaData   path: '/var/folders/dt/dvk04tms2fz9xhtlnn4jdqc80000gn/T/npm-33183-566da586/unpack-77da61a6/package.json' }
46 error addLocal Could not install /Users/maansoftwares-02/Desktop/02:03:2017/webrtc_videodemoA/serverside/package.json
47 silly fetchPackageMetaData Error: ENOENT: no such file or directory, open '/var/folders/dt/dvk04tms2fz9xhtlnn4jdqc80000gn/T/npm-33183-566da586/unpack-9eb625c4/package.json'
47 silly fetchPackageMetaData     at Error (native)
47 silly fetchPackageMetaData  error for package.json { Error: ENOENT: no such file or directory, open '/var/folders/dt/dvk04tms2fz9xhtlnn4jdqc80000gn/T/npm-33183-566da586/unpack-9eb625c4/package.json'
47 silly fetchPackageMetaData     at Error (native)
47 silly fetchPackageMetaData   errno: -2,
47 silly fetchPackageMetaData   code: 'ENOENT',
47 silly fetchPackageMetaData   syscall: 'open',
47 silly fetchPackageMetaData   path: '/var/folders/dt/dvk04tms2fz9xhtlnn4jdqc80000gn/T/npm-33183-566da586/unpack-9eb625c4/package.json' }
48 silly rollbackFailedOptional Starting
49 silly rollbackFailedOptional Finishing
50 silly runTopLevelLifecycles Finishing
51 silly install printInstalled
52 verbose stack Error: EISDIR: illegal operation on a directory, read
52 verbose stack     at Error (native)
53 verbose cwd /Users/maansoftwares-02/Desktop/02:03:2017/webrtc_videodemoA/serverside
54 error Darwin 15.6.0
55 error argv "/usr/local/bin/node" "/usr/local/bin/npm" "install" "node_modules" "package.json" "server.js"
56 error node v6.9.5
57 error npm  v3.10.10
58 error code EISDIR
59 error errno -21
60 error syscall read
61 error eisdir EISDIR: illegal operation on a directory, read
62 error eisdir This is most likely not a problem with npm itself
62 error eisdir and is related to npm not being able to find a package.json in
62 error eisdir a package you are trying to install.
63 verbose exit [ -21, true ]
